<?xml version="1.0" encoding="UTF-8"?>
<testsuite name="com.example.carRentalEsiee.CarRentalEsieeApplicationTests" tests="1" skipped="0" failures="0" errors="0" timestamp="2025-01-27T13:37:25" hostname="rayanVM" time="0.698">
  <properties/>
  <testcase name="contextLoads()" classname="com.example.carRentalEsiee.CarRentalEsieeApplicationTests" time="0.698"/>
  <system-out><![CDATA[14:37:24.398 [Test worker] INFO org.springframework.test.context.support.AnnotationConfigContextLoaderUtils -- Could not detect default configuration classes for test class [com.example.carRentalEsiee.CarRentalEsieeApplicationTests]: CarRentalEsieeApplicationTests does not declare any static, non-private, non-final, nested classes annotated with @Configuration.
14:37:24.479 [Test worker] INFO org.springframework.boot.test.context.SpringBootTestContextBootstrapper -- Found @SpringBootConfiguration com.example.carRentalEsiee.CarRentalEsieeApplication for test class com.example.carRentalEsiee.CarRentalEsieeApplicationTests

  .   ____          _            __ _ _
 /\\ / ___'_ __ _ _(_)_ __  __ _ \ \ \ \
( ( )\___ | '_ | '_| | '_ \/ _` | \ \ \ \
 \\/  ___)| |_)| | | | | || (_| |  ) ) ) )
  '  |____| .__|_| |_|_| |_\__, | / / / /
 =========|_|==============|___/=/_/_/_/

 :: Spring Boot ::                (v3.4.1)

2025-01-27T14:37:24.843+01:00  INFO 6867 --- [carRentalEsiee] [    Test worker] c.e.c.CarRentalEsieeApplicationTests     : Starting CarRentalEsieeApplicationTests using Java 21.0.5 with PID 6867 (started by rayan in /home/rayan/IdeaProjects/carRentalEsiee)
2025-01-27T14:37:24.846+01:00  INFO 6867 --- [carRentalEsiee] [    Test worker] c.e.c.CarRentalEsieeApplicationTests     : No active profile set, falling back to 1 default profile: "default"
2025-01-27T14:37:25.796+01:00  INFO 6867 --- [carRentalEsiee] [    Test worker] c.e.c.CarRentalEsieeApplicationTests     : Started CarRentalEsieeApplicationTests in 1.215 seconds (process running for 2.127)
]]></system-out>
  <system-err><![CDATA[Mockito is currently self-attaching to enable the inline-mock-maker. This will no longer work in future releases of the JDK. Please add Mockito as an agent to your build what is described in Mockito's documentation: https://javadoc.io/doc/org.mockito/mockito-core/latest/org/mockito/Mockito.html#0.3
WARNING: A Java agent has been loaded dynamically (/home/rayan/.gradle/caches/modules-2/files-2.1/net.bytebuddy/byte-buddy-agent/1.15.11/a38b16385e867f59a641330f0362ebe742788ed8/byte-buddy-agent-1.15.11.jar)
WARNING: If a serviceability tool is in use, please run with -XX:+EnableDynamicAgentLoading to hide this warning
WARNING: If a serviceability tool is not in use, please run with -Djdk.instrument.traceUsage for more information
WARNING: Dynamic loading of agents will be disallowed by default in a future release
]]></system-err>
</testsuite>
